# JRE version: OpenJDK Runtime Environment (21.0.6) (build 21.0.6+-13391695-b895.109)
# Java VM: OpenJDK 64-Bit Server VM (21.0.6+-13391695-b895.109, mixed mode, tiered, compressed oops, compressed class ptrs, g1 gc, windows-amd64)
GC Precious Log:
 CardTable entry size: 512
 Card Set container configuration: InlinePtr #cards 5 size 8 Array Of Cards #cards 12 size 40 Howl #buckets 4 coarsen threshold 1843 Howl Bitmap #cards 512 size 80 coarsen threshold 460 Card regions per heap region 1 cards per card region 2048
 CPUs: 32 total, 32 available
 Memory: 32544M
 Large Page Support: Disabled
 NUMA Support: Disabled
 Compressed Oops: Enabled (32-bit)
 Heap Region Size: 1M
 Heap Min Capacity: 8M
 Heap Initial Capacity: 510M
 Heap Max Capacity: 2G
 Pre-touch: Disabled
 Parallel Workers: 23
 Concurrent Workers: 6
 Concurrent Refinement Workers: 23
 Periodic GC: Disabled
Heap:
 garbage-first heap   total 155648K, used 118450K [0x0000000080000000, 0x0000000100000000)
  region size 1024K, 76 young (77824K), 7 survivors (7168K)
 Metaspace       used 67841K, committed 69504K, reserved 1114112K
  class space    used 9171K, committed 9984K, reserved 1048576K
GC Heap History (20 events):
Event: 0.185 GC heap after
{Heap after GC invocations=1 (full 0):
 garbage-first heap   total 522240K, used 2845K [0x0000000080000000, 0x0000000100000000)
  region size 1024K, 3 young (3072K), 3 survivors (3072K)
 Metaspace       used 7995K, committed 8128K, reserved 1114112K
  class space    used 709K, committed 768K, reserved 1048576K
}
Event: 0.386 GC heap before
{Heap before GC invocations=1 (full 0):
 garbage-first heap   total 522240K, used 41757K [0x0000000080000000, 0x0000000100000000)
  region size 1024K, 39 young (39936K), 3 survivors (3072K)
 Metaspace       used 12284K, committed 12480K, reserved 1114112K
  class space    used 1285K, committed 1344K, reserved 1048576K
}
Event: 0.388 GC heap after
{Heap after GC invocations=2 (full 0):
 garbage-first heap   total 522240K, used 10894K [0x0000000080000000, 0x0000000100000000)
  region size 1024K, 5 young (5120K), 5 survivors (5120K)
 Metaspace       used 12284K, committed 12480K, reserved 1114112K
  class space    used 1285K, committed 1344K, reserved 1048576K
}
Event: 0.614 GC heap before
{Heap before GC invocations=2 (full 0):
 garbage-first heap   total 522240K, used 63118K [0x0000000080000000, 0x0000000100000000)
  region size 1024K, 54 young (55296K), 5 survivors (5120K)
 Metaspace       used 15429K, committed 15744K, reserved 1114112K
  class space    used 1699K, committed 1856K, reserved 1048576K
}
Event: 0.616 GC heap after
{Heap after GC invocations=3 (full 0):
 garbage-first heap   total 522240K, used 17626K [0x0000000080000000, 0x0000000100000000)
  region size 1024K, 7 young (7168K), 7 survivors (7168K)
 Metaspace       used 15429K, committed 15744K, reserved 1114112K
  class space    used 1699K, committed 1856K, reserved 1048576K
}
Event: 0.778 GC heap before
{Heap before GC invocations=3 (full 0):
 garbage-first heap   total 522240K, used 41178K [0x0000000080000000, 0x0000000100000000)
  region size 1024K, 31 young (31744K), 7 survivors (7168K)
 Metaspace       used 21138K, committed 21504K, reserved 1114112K
  class space    used 2440K, committed 2624K, reserved 1048576K
}
Event: 0.780 GC heap after
{Heap after GC invocations=4 (full 0):
 garbage-first heap   total 522240K, used 19495K [0x0000000080000000, 0x0000000100000000)
  region size 1024K, 9 young (9216K), 9 survivors (9216K)
 Metaspace       used 21138K, committed 21504K, reserved 1114112K
  class space    used 2440K, committed 2624K, reserved 1048576K
}
Event: 1.019 GC heap before
{Heap before GC invocations=5 (full 0):
 garbage-first heap   total 68608K, used 66599K [0x0000000080000000, 0x0000000100000000)
  region size 1024K, 56 young (57344K), 9 survivors (9216K)
 Metaspace       used 28541K, committed 29120K, reserved 1114112K
  class space    used 3621K, committed 3904K, reserved 1048576K
}
Event: 1.022 GC heap after
{Heap after GC invocations=6 (full 0):
 garbage-first heap   total 80896K, used 22590K [0x0000000080000000, 0x0000000100000000)
  region size 1024K, 12 young (12288K), 12 survivors (12288K)
 Metaspace       used 28541K, committed 29120K, reserved 1114112K
  class space    used 3621K, committed 3904K, reserved 1048576K
}
Event: 1.180 GC heap before
{Heap before GC invocations=6 (full 0):
 garbage-first heap   total 80896K, used 57406K [0x0000000080000000, 0x0000000100000000)
  region size 1024K, 47 young (48128K), 12 survivors (12288K)
 Metaspace       used 32903K, committed 33664K, reserved 1114112K
  class space    used 4348K, committed 4736K, reserved 1048576K
}
Event: 1.182 GC heap after
{Heap after GC invocations=7 (full 0):
 garbage-first heap   total 80896K, used 24401K [0x0000000080000000, 0x0000000100000000)
  region size 1024K, 6 young (6144K), 6 survivors (6144K)
 Metaspace       used 32903K, committed 33664K, reserved 1114112K
  class space    used 4348K, committed 4736K, reserved 1048576K
}
Event: 1.251 GC heap before
{Heap before GC invocations=7 (full 0):
 garbage-first heap   total 80896K, used 38737K [0x0000000080000000, 0x0000000100000000)
  region size 1024K, 21 young (21504K), 6 survivors (6144K)
 Metaspace       used 35119K, committed 35968K, reserved 1114112K
  class space    used 4692K, committed 5120K, reserved 1048576K
}
Event: 1.253 GC heap after
{Heap after GC invocations=8 (full 0):
 garbage-first heap   total 80896K, used 24941K [0x0000000080000000, 0x0000000100000000)
  region size 1024K, 4 young (4096K), 4 survivors (4096K)
 Metaspace       used 35119K, committed 35968K, reserved 1114112K
  class space    used 4692K, committed 5120K, reserved 1048576K
}
Event: 1.434 GC heap before
{Heap before GC invocations=9 (full 0):
 garbage-first heap   total 80896K, used 65901K [0x0000000080000000, 0x0000000100000000)
  region size 1024K, 45 young (46080K), 4 survivors (4096K)
 Metaspace       used 42436K, committed 43328K, reserved 1114112K
  class space    used 5498K, committed 5952K, reserved 1048576K
}
Event: 1.436 GC heap after
{Heap after GC invocations=10 (full 0):
 garbage-first heap   total 302080K, used 29463K [0x0000000080000000, 0x0000000100000000)
  region size 1024K, 6 young (6144K), 6 survivors (6144K)
 Metaspace       used 42436K, committed 43328K, reserved 1114112K
  class space    used 5498K, committed 5952K, reserved 1048576K
}
Event: 2.006 GC heap before
{Heap before GC invocations=10 (full 0):
 garbage-first heap   total 302080K, used 183063K [0x0000000080000000, 0x0000000100000000)
  region size 1024K, 155 young (158720K), 6 survivors (6144K)
 Metaspace       used 58571K, committed 60096K, reserved 1114112K
  class space    used 7879K, committed 8640K, reserved 1048576K
}
Event: 2.010 GC heap after
{Heap after GC invocations=11 (full 0):
 garbage-first heap   total 302080K, used 38405K [0x0000000080000000, 0x0000000100000000)
  region size 1024K, 15 young (15360K), 15 survivors (15360K)
 Metaspace       used 58571K, committed 60096K, reserved 1114112K
  class space    used 7879K, committed 8640K, reserved 1048576K
}
Event: 2.492 GC heap before
{Heap before GC invocations=12 (full 0):
 garbage-first heap   total 130048K, used 129541K [0x0000000080000000, 0x0000000100000000)
  region size 1024K, 104 young (106496K), 15 survivors (15360K)
 Metaspace       used 67111K, committed 68800K, reserved 1114112K
  class space    used 9135K, committed 9984K, reserved 1048576K
}
Event: 2.497 GC heap after
{Heap after GC invocations=13 (full 0):
 garbage-first heap   total 155648K, used 47797K [0x0000000080000000, 0x0000000100000000)
  region size 1024K, 22 young (22528K), 22 survivors (22528K)
 Metaspace       used 67111K, committed 68800K, reserved 1114112K
  class space    used 9135K, committed 9984K, reserved 1048576K
}
Event: 2.590 GC heap before
{Heap before GC invocations=13 (full 0):
 garbage-first heap   total 155648K, used 117429K [0x0000000080000000, 0x0000000100000000)
  region size 1024K, 91 young (93184K), 22 survivors (22528K)
 Metaspace       used 67841K, committed 69504K, reserved 1114112K
  class space    used 9171K, committed 9984K, reserved 1048576K
}

